Linked: (/home/ammar/asproject/code/devel/.private/mav_system_msgs/share/common-lisp/ros/mav_system_msgs/msg/_package.lisp, /home/ammar/asproject/code/devel/share/common-lisp/ros/mav_system_msgs/msg/_package.lisp)
Linked: (/home/ammar/asproject/code/devel/.private/mav_system_msgs/share/common-lisp/ros/mav_system_msgs/msg/_package_CpuInfo.lisp, /home/ammar/asproject/code/devel/share/common-lisp/ros/mav_system_msgs/msg/_package_CpuInfo.lisp)
Linked: (/home/ammar/asproject/code/devel/.private/mav_system_msgs/share/common-lisp/ros/mav_system_msgs/msg/ProcessInfo.lisp, /home/ammar/asproject/code/devel/share/common-lisp/ros/mav_system_msgs/msg/ProcessInfo.lisp)
Linked: (/home/ammar/asproject/code/devel/.private/mav_system_msgs/share/common-lisp/ros/mav_system_msgs/msg/CpuInfo.lisp, /home/ammar/asproject/code/devel/share/common-lisp/ros/mav_system_msgs/msg/CpuInfo.lisp)
Linked: (/home/ammar/asproject/code/devel/.private/mav_system_msgs/share/common-lisp/ros/mav_system_msgs/msg/_package_ProcessInfo.lisp, /home/ammar/asproject/code/devel/share/common-lisp/ros/mav_system_msgs/msg/_package_ProcessInfo.lisp)
Linked: (/home/ammar/asproject/code/devel/.private/mav_system_msgs/share/common-lisp/ros/mav_system_msgs/msg/mav_system_msgs-msg.asd, /home/ammar/asproject/code/devel/share/common-lisp/ros/mav_system_msgs/msg/mav_system_msgs-msg.asd)
Linked: (/home/ammar/asproject/code/devel/.private/mav_system_msgs/share/mav_system_msgs/cmake/mav_system_msgs-msg-paths.cmake, /home/ammar/asproject/code/devel/share/mav_system_msgs/cmake/mav_system_msgs-msg-paths.cmake)
Linked: (/home/ammar/asproject/code/devel/.private/mav_system_msgs/share/mav_system_msgs/cmake/mav_system_msgsConfig.cmake, /home/ammar/asproject/code/devel/share/mav_system_msgs/cmake/mav_system_msgsConfig.cmake)
Linked: (/home/ammar/asproject/code/devel/.private/mav_system_msgs/share/mav_system_msgs/cmake/mav_system_msgs-msg-extras.cmake, /home/ammar/asproject/code/devel/share/mav_system_msgs/cmake/mav_system_msgs-msg-extras.cmake)
Linked: (/home/ammar/asproject/code/devel/.private/mav_system_msgs/share/mav_system_msgs/cmake/mav_system_msgsConfig-version.cmake, /home/ammar/asproject/code/devel/share/mav_system_msgs/cmake/mav_system_msgsConfig-version.cmake)
Linked: (/home/ammar/asproject/code/devel/.private/mav_system_msgs/share/roseus/ros/mav_system_msgs/manifest.l, /home/ammar/asproject/code/devel/share/roseus/ros/mav_system_msgs/manifest.l)
Linked: (/home/ammar/asproject/code/devel/.private/mav_system_msgs/share/roseus/ros/mav_system_msgs/msg/ProcessInfo.l, /home/ammar/asproject/code/devel/share/roseus/ros/mav_system_msgs/msg/ProcessInfo.l)
Linked: (/home/ammar/asproject/code/devel/.private/mav_system_msgs/share/roseus/ros/mav_system_msgs/msg/CpuInfo.l, /home/ammar/asproject/code/devel/share/roseus/ros/mav_system_msgs/msg/CpuInfo.l)
Linked: (/home/ammar/asproject/code/devel/.private/mav_system_msgs/share/gennodejs/ros/mav_system_msgs/_index.js, /home/ammar/asproject/code/devel/share/gennodejs/ros/mav_system_msgs/_index.js)
Linked: (/home/ammar/asproject/code/devel/.private/mav_system_msgs/share/gennodejs/ros/mav_system_msgs/msg/CpuInfo.js, /home/ammar/asproject/code/devel/share/gennodejs/ros/mav_system_msgs/msg/CpuInfo.js)
Linked: (/home/ammar/asproject/code/devel/.private/mav_system_msgs/share/gennodejs/ros/mav_system_msgs/msg/ProcessInfo.js, /home/ammar/asproject/code/devel/share/gennodejs/ros/mav_system_msgs/msg/ProcessInfo.js)
Linked: (/home/ammar/asproject/code/devel/.private/mav_system_msgs/share/gennodejs/ros/mav_system_msgs/msg/_index.js, /home/ammar/asproject/code/devel/share/gennodejs/ros/mav_system_msgs/msg/_index.js)
Linked: (/home/ammar/asproject/code/devel/.private/mav_system_msgs/lib/pkgconfig/mav_system_msgs.pc, /home/ammar/asproject/code/devel/lib/pkgconfig/mav_system_msgs.pc)
Linked: (/home/ammar/asproject/code/devel/.private/mav_system_msgs/lib/python3/dist-packages/mav_system_msgs/__init__.py, /home/ammar/asproject/code/devel/lib/python3/dist-packages/mav_system_msgs/__init__.py)
Linked: (/home/ammar/asproject/code/devel/.private/mav_system_msgs/lib/python3/dist-packages/mav_system_msgs/msg/_CpuInfo.py, /home/ammar/asproject/code/devel/lib/python3/dist-packages/mav_system_msgs/msg/_CpuInfo.py)
Linked: (/home/ammar/asproject/code/devel/.private/mav_system_msgs/lib/python3/dist-packages/mav_system_msgs/msg/__init__.py, /home/ammar/asproject/code/devel/lib/python3/dist-packages/mav_system_msgs/msg/__init__.py)
Linked: (/home/ammar/asproject/code/devel/.private/mav_system_msgs/lib/python3/dist-packages/mav_system_msgs/msg/_ProcessInfo.py, /home/ammar/asproject/code/devel/lib/python3/dist-packages/mav_system_msgs/msg/_ProcessInfo.py)
Linked: (/home/ammar/asproject/code/devel/.private/mav_system_msgs/include/mav_system_msgs/CpuInfo.h, /home/ammar/asproject/code/devel/include/mav_system_msgs/CpuInfo.h)
Linked: (/home/ammar/asproject/code/devel/.private/mav_system_msgs/include/mav_system_msgs/ProcessInfo.h, /home/ammar/asproject/code/devel/include/mav_system_msgs/ProcessInfo.h)
