Linked: (/home/ammar/asproject/code/devel/.private/fla_msgs/share/fla_msgs/cmake/fla_msgs-msg-paths.cmake, /home/ammar/asproject/code/devel/share/fla_msgs/cmake/fla_msgs-msg-paths.cmake)
Linked: (/home/ammar/asproject/code/devel/.private/fla_msgs/share/fla_msgs/cmake/fla_msgsConfig-version.cmake, /home/ammar/asproject/code/devel/share/fla_msgs/cmake/fla_msgsConfig-version.cmake)
Linked: (/home/ammar/asproject/code/devel/.private/fla_msgs/share/fla_msgs/cmake/fla_msgsConfig.cmake, /home/ammar/asproject/code/devel/share/fla_msgs/cmake/fla_msgsConfig.cmake)
Linked: (/home/ammar/asproject/code/devel/.private/fla_msgs/share/fla_msgs/cmake/fla_msgs-msg-extras.cmake, /home/ammar/asproject/code/devel/share/fla_msgs/cmake/fla_msgs-msg-extras.cmake)
Linked: (/home/ammar/asproject/code/devel/.private/fla_msgs/share/common-lisp/ros/fla_msgs/msg/_package.lisp, /home/ammar/asproject/code/devel/share/common-lisp/ros/fla_msgs/msg/_package.lisp)
Linked: (/home/ammar/asproject/code/devel/.private/fla_msgs/share/common-lisp/ros/fla_msgs/msg/ProcessStatus.lisp, /home/ammar/asproject/code/devel/share/common-lisp/ros/fla_msgs/msg/ProcessStatus.lisp)
Linked: (/home/ammar/asproject/code/devel/.private/fla_msgs/share/common-lisp/ros/fla_msgs/msg/_package_ImageSegmentation.lisp, /home/ammar/asproject/code/devel/share/common-lisp/ros/fla_msgs/msg/_package_ImageSegmentation.lisp)
Linked: (/home/ammar/asproject/code/devel/.private/fla_msgs/share/common-lisp/ros/fla_msgs/msg/_package_ControlMessage.lisp, /home/ammar/asproject/code/devel/share/common-lisp/ros/fla_msgs/msg/_package_ControlMessage.lisp)
Linked: (/home/ammar/asproject/code/devel/.private/fla_msgs/share/common-lisp/ros/fla_msgs/msg/Latency.lisp, /home/ammar/asproject/code/devel/share/common-lisp/ros/fla_msgs/msg/Latency.lisp)
Linked: (/home/ammar/asproject/code/devel/.private/fla_msgs/share/common-lisp/ros/fla_msgs/msg/_package_FlightStateTransition.lisp, /home/ammar/asproject/code/devel/share/common-lisp/ros/fla_msgs/msg/_package_FlightStateTransition.lisp)
Linked: (/home/ammar/asproject/code/devel/.private/fla_msgs/share/common-lisp/ros/fla_msgs/msg/FlightEvent.lisp, /home/ammar/asproject/code/devel/share/common-lisp/ros/fla_msgs/msg/FlightEvent.lisp)
Linked: (/home/ammar/asproject/code/devel/.private/fla_msgs/share/common-lisp/ros/fla_msgs/msg/_package_JoyDef.lisp, /home/ammar/asproject/code/devel/share/common-lisp/ros/fla_msgs/msg/_package_JoyDef.lisp)
Linked: (/home/ammar/asproject/code/devel/.private/fla_msgs/share/common-lisp/ros/fla_msgs/msg/_package_Latency.lisp, /home/ammar/asproject/code/devel/share/common-lisp/ros/fla_msgs/msg/_package_Latency.lisp)
Linked: (/home/ammar/asproject/code/devel/.private/fla_msgs/share/common-lisp/ros/fla_msgs/msg/NodeStatus.lisp, /home/ammar/asproject/code/devel/share/common-lisp/ros/fla_msgs/msg/NodeStatus.lisp)
Linked: (/home/ammar/asproject/code/devel/.private/fla_msgs/share/common-lisp/ros/fla_msgs/msg/fla_msgs-msg.asd, /home/ammar/asproject/code/devel/share/common-lisp/ros/fla_msgs/msg/fla_msgs-msg.asd)
Linked: (/home/ammar/asproject/code/devel/.private/fla_msgs/share/common-lisp/ros/fla_msgs/msg/_package_Keypoint.lisp, /home/ammar/asproject/code/devel/share/common-lisp/ros/fla_msgs/msg/_package_Keypoint.lisp)
Linked: (/home/ammar/asproject/code/devel/.private/fla_msgs/share/common-lisp/ros/fla_msgs/msg/JoyDef.lisp, /home/ammar/asproject/code/devel/share/common-lisp/ros/fla_msgs/msg/JoyDef.lisp)
Linked: (/home/ammar/asproject/code/devel/.private/fla_msgs/share/common-lisp/ros/fla_msgs/msg/FlightCommand.lisp, /home/ammar/asproject/code/devel/share/common-lisp/ros/fla_msgs/msg/FlightCommand.lisp)
Linked: (/home/ammar/asproject/code/devel/.private/fla_msgs/share/common-lisp/ros/fla_msgs/msg/_package_NodeList.lisp, /home/ammar/asproject/code/devel/share/common-lisp/ros/fla_msgs/msg/_package_NodeList.lisp)
Linked: (/home/ammar/asproject/code/devel/.private/fla_msgs/share/common-lisp/ros/fla_msgs/msg/FlightStateTransition.lisp, /home/ammar/asproject/code/devel/share/common-lisp/ros/fla_msgs/msg/FlightStateTransition.lisp)
Linked: (/home/ammar/asproject/code/devel/.private/fla_msgs/share/common-lisp/ros/fla_msgs/msg/WaypointList.lisp, /home/ammar/asproject/code/devel/share/common-lisp/ros/fla_msgs/msg/WaypointList.lisp)
Linked: (/home/ammar/asproject/code/devel/.private/fla_msgs/share/common-lisp/ros/fla_msgs/msg/Detection.lisp, /home/ammar/asproject/code/devel/share/common-lisp/ros/fla_msgs/msg/Detection.lisp)
Linked: (/home/ammar/asproject/code/devel/.private/fla_msgs/share/common-lisp/ros/fla_msgs/msg/_package_FlightEvent.lisp, /home/ammar/asproject/code/devel/share/common-lisp/ros/fla_msgs/msg/_package_FlightEvent.lisp)
Linked: (/home/ammar/asproject/code/devel/.private/fla_msgs/share/common-lisp/ros/fla_msgs/msg/ImageDetections.lisp, /home/ammar/asproject/code/devel/share/common-lisp/ros/fla_msgs/msg/ImageDetections.lisp)
Linked: (/home/ammar/asproject/code/devel/.private/fla_msgs/share/common-lisp/ros/fla_msgs/msg/_package_FlightCommand.lisp, /home/ammar/asproject/code/devel/share/common-lisp/ros/fla_msgs/msg/_package_FlightCommand.lisp)
Linked: (/home/ammar/asproject/code/devel/.private/fla_msgs/share/common-lisp/ros/fla_msgs/msg/_package_TelemString.lisp, /home/ammar/asproject/code/devel/share/common-lisp/ros/fla_msgs/msg/_package_TelemString.lisp)
Linked: (/home/ammar/asproject/code/devel/.private/fla_msgs/share/common-lisp/ros/fla_msgs/msg/_package_Box.lisp, /home/ammar/asproject/code/devel/share/common-lisp/ros/fla_msgs/msg/_package_Box.lisp)
Linked: (/home/ammar/asproject/code/devel/.private/fla_msgs/share/common-lisp/ros/fla_msgs/msg/_package_ProcessStatus.lisp, /home/ammar/asproject/code/devel/share/common-lisp/ros/fla_msgs/msg/_package_ProcessStatus.lisp)
Linked: (/home/ammar/asproject/code/devel/.private/fla_msgs/share/common-lisp/ros/fla_msgs/msg/ControlMessage.lisp, /home/ammar/asproject/code/devel/share/common-lisp/ros/fla_msgs/msg/ControlMessage.lisp)
Linked: (/home/ammar/asproject/code/devel/.private/fla_msgs/share/common-lisp/ros/fla_msgs/msg/ImageSegmentation.lisp, /home/ammar/asproject/code/devel/share/common-lisp/ros/fla_msgs/msg/ImageSegmentation.lisp)
Linked: (/home/ammar/asproject/code/devel/.private/fla_msgs/share/common-lisp/ros/fla_msgs/msg/NodeList.lisp, /home/ammar/asproject/code/devel/share/common-lisp/ros/fla_msgs/msg/NodeList.lisp)
Linked: (/home/ammar/asproject/code/devel/.private/fla_msgs/share/common-lisp/ros/fla_msgs/msg/Keypoint.lisp, /home/ammar/asproject/code/devel/share/common-lisp/ros/fla_msgs/msg/Keypoint.lisp)
Linked: (/home/ammar/asproject/code/devel/.private/fla_msgs/share/common-lisp/ros/fla_msgs/msg/_package_Detection.lisp, /home/ammar/asproject/code/devel/share/common-lisp/ros/fla_msgs/msg/_package_Detection.lisp)
Linked: (/home/ammar/asproject/code/devel/.private/fla_msgs/share/common-lisp/ros/fla_msgs/msg/_package_ImageDetections.lisp, /home/ammar/asproject/code/devel/share/common-lisp/ros/fla_msgs/msg/_package_ImageDetections.lisp)
Linked: (/home/ammar/asproject/code/devel/.private/fla_msgs/share/common-lisp/ros/fla_msgs/msg/_package_NodeStatus.lisp, /home/ammar/asproject/code/devel/share/common-lisp/ros/fla_msgs/msg/_package_NodeStatus.lisp)
Linked: (/home/ammar/asproject/code/devel/.private/fla_msgs/share/common-lisp/ros/fla_msgs/msg/Box.lisp, /home/ammar/asproject/code/devel/share/common-lisp/ros/fla_msgs/msg/Box.lisp)
Linked: (/home/ammar/asproject/code/devel/.private/fla_msgs/share/common-lisp/ros/fla_msgs/msg/TelemString.lisp, /home/ammar/asproject/code/devel/share/common-lisp/ros/fla_msgs/msg/TelemString.lisp)
Linked: (/home/ammar/asproject/code/devel/.private/fla_msgs/share/common-lisp/ros/fla_msgs/msg/_package_WaypointList.lisp, /home/ammar/asproject/code/devel/share/common-lisp/ros/fla_msgs/msg/_package_WaypointList.lisp)
Linked: (/home/ammar/asproject/code/devel/.private/fla_msgs/share/roseus/ros/fla_msgs/manifest.l, /home/ammar/asproject/code/devel/share/roseus/ros/fla_msgs/manifest.l)
Linked: (/home/ammar/asproject/code/devel/.private/fla_msgs/share/roseus/ros/fla_msgs/msg/JoyDef.l, /home/ammar/asproject/code/devel/share/roseus/ros/fla_msgs/msg/JoyDef.l)
Linked: (/home/ammar/asproject/code/devel/.private/fla_msgs/share/roseus/ros/fla_msgs/msg/NodeStatus.l, /home/ammar/asproject/code/devel/share/roseus/ros/fla_msgs/msg/NodeStatus.l)
Linked: (/home/ammar/asproject/code/devel/.private/fla_msgs/share/roseus/ros/fla_msgs/msg/FlightCommand.l, /home/ammar/asproject/code/devel/share/roseus/ros/fla_msgs/msg/FlightCommand.l)
Linked: (/home/ammar/asproject/code/devel/.private/fla_msgs/share/roseus/ros/fla_msgs/msg/NodeList.l, /home/ammar/asproject/code/devel/share/roseus/ros/fla_msgs/msg/NodeList.l)
Linked: (/home/ammar/asproject/code/devel/.private/fla_msgs/share/roseus/ros/fla_msgs/msg/ProcessStatus.l, /home/ammar/asproject/code/devel/share/roseus/ros/fla_msgs/msg/ProcessStatus.l)
Linked: (/home/ammar/asproject/code/devel/.private/fla_msgs/share/roseus/ros/fla_msgs/msg/FlightEvent.l, /home/ammar/asproject/code/devel/share/roseus/ros/fla_msgs/msg/FlightEvent.l)
Linked: (/home/ammar/asproject/code/devel/.private/fla_msgs/share/roseus/ros/fla_msgs/msg/Detection.l, /home/ammar/asproject/code/devel/share/roseus/ros/fla_msgs/msg/Detection.l)
Linked: (/home/ammar/asproject/code/devel/.private/fla_msgs/share/roseus/ros/fla_msgs/msg/Box.l, /home/ammar/asproject/code/devel/share/roseus/ros/fla_msgs/msg/Box.l)
Linked: (/home/ammar/asproject/code/devel/.private/fla_msgs/share/roseus/ros/fla_msgs/msg/TelemString.l, /home/ammar/asproject/code/devel/share/roseus/ros/fla_msgs/msg/TelemString.l)
Linked: (/home/ammar/asproject/code/devel/.private/fla_msgs/share/roseus/ros/fla_msgs/msg/FlightStateTransition.l, /home/ammar/asproject/code/devel/share/roseus/ros/fla_msgs/msg/FlightStateTransition.l)
Linked: (/home/ammar/asproject/code/devel/.private/fla_msgs/share/roseus/ros/fla_msgs/msg/ImageSegmentation.l, /home/ammar/asproject/code/devel/share/roseus/ros/fla_msgs/msg/ImageSegmentation.l)
Linked: (/home/ammar/asproject/code/devel/.private/fla_msgs/share/roseus/ros/fla_msgs/msg/ControlMessage.l, /home/ammar/asproject/code/devel/share/roseus/ros/fla_msgs/msg/ControlMessage.l)
Linked: (/home/ammar/asproject/code/devel/.private/fla_msgs/share/roseus/ros/fla_msgs/msg/ImageDetections.l, /home/ammar/asproject/code/devel/share/roseus/ros/fla_msgs/msg/ImageDetections.l)
Linked: (/home/ammar/asproject/code/devel/.private/fla_msgs/share/roseus/ros/fla_msgs/msg/Latency.l, /home/ammar/asproject/code/devel/share/roseus/ros/fla_msgs/msg/Latency.l)
Linked: (/home/ammar/asproject/code/devel/.private/fla_msgs/share/roseus/ros/fla_msgs/msg/Keypoint.l, /home/ammar/asproject/code/devel/share/roseus/ros/fla_msgs/msg/Keypoint.l)
Linked: (/home/ammar/asproject/code/devel/.private/fla_msgs/share/roseus/ros/fla_msgs/msg/WaypointList.l, /home/ammar/asproject/code/devel/share/roseus/ros/fla_msgs/msg/WaypointList.l)
Linked: (/home/ammar/asproject/code/devel/.private/fla_msgs/share/gennodejs/ros/fla_msgs/_index.js, /home/ammar/asproject/code/devel/share/gennodejs/ros/fla_msgs/_index.js)
Linked: (/home/ammar/asproject/code/devel/.private/fla_msgs/share/gennodejs/ros/fla_msgs/msg/Latency.js, /home/ammar/asproject/code/devel/share/gennodejs/ros/fla_msgs/msg/Latency.js)
Linked: (/home/ammar/asproject/code/devel/.private/fla_msgs/share/gennodejs/ros/fla_msgs/msg/Keypoint.js, /home/ammar/asproject/code/devel/share/gennodejs/ros/fla_msgs/msg/Keypoint.js)
Linked: (/home/ammar/asproject/code/devel/.private/fla_msgs/share/gennodejs/ros/fla_msgs/msg/NodeStatus.js, /home/ammar/asproject/code/devel/share/gennodejs/ros/fla_msgs/msg/NodeStatus.js)
Linked: (/home/ammar/asproject/code/devel/.private/fla_msgs/share/gennodejs/ros/fla_msgs/msg/JoyDef.js, /home/ammar/asproject/code/devel/share/gennodejs/ros/fla_msgs/msg/JoyDef.js)
Linked: (/home/ammar/asproject/code/devel/.private/fla_msgs/share/gennodejs/ros/fla_msgs/msg/NodeList.js, /home/ammar/asproject/code/devel/share/gennodejs/ros/fla_msgs/msg/NodeList.js)
Linked: (/home/ammar/asproject/code/devel/.private/fla_msgs/share/gennodejs/ros/fla_msgs/msg/FlightStateTransition.js, /home/ammar/asproject/code/devel/share/gennodejs/ros/fla_msgs/msg/FlightStateTransition.js)
Linked: (/home/ammar/asproject/code/devel/.private/fla_msgs/share/gennodejs/ros/fla_msgs/msg/FlightEvent.js, /home/ammar/asproject/code/devel/share/gennodejs/ros/fla_msgs/msg/FlightEvent.js)
Linked: (/home/ammar/asproject/code/devel/.private/fla_msgs/share/gennodejs/ros/fla_msgs/msg/TelemString.js, /home/ammar/asproject/code/devel/share/gennodejs/ros/fla_msgs/msg/TelemString.js)
Linked: (/home/ammar/asproject/code/devel/.private/fla_msgs/share/gennodejs/ros/fla_msgs/msg/ControlMessage.js, /home/ammar/asproject/code/devel/share/gennodejs/ros/fla_msgs/msg/ControlMessage.js)
Linked: (/home/ammar/asproject/code/devel/.private/fla_msgs/share/gennodejs/ros/fla_msgs/msg/ImageSegmentation.js, /home/ammar/asproject/code/devel/share/gennodejs/ros/fla_msgs/msg/ImageSegmentation.js)
Linked: (/home/ammar/asproject/code/devel/.private/fla_msgs/share/gennodejs/ros/fla_msgs/msg/_index.js, /home/ammar/asproject/code/devel/share/gennodejs/ros/fla_msgs/msg/_index.js)
Linked: (/home/ammar/asproject/code/devel/.private/fla_msgs/share/gennodejs/ros/fla_msgs/msg/ProcessStatus.js, /home/ammar/asproject/code/devel/share/gennodejs/ros/fla_msgs/msg/ProcessStatus.js)
Linked: (/home/ammar/asproject/code/devel/.private/fla_msgs/share/gennodejs/ros/fla_msgs/msg/Box.js, /home/ammar/asproject/code/devel/share/gennodejs/ros/fla_msgs/msg/Box.js)
Linked: (/home/ammar/asproject/code/devel/.private/fla_msgs/share/gennodejs/ros/fla_msgs/msg/FlightCommand.js, /home/ammar/asproject/code/devel/share/gennodejs/ros/fla_msgs/msg/FlightCommand.js)
Linked: (/home/ammar/asproject/code/devel/.private/fla_msgs/share/gennodejs/ros/fla_msgs/msg/ImageDetections.js, /home/ammar/asproject/code/devel/share/gennodejs/ros/fla_msgs/msg/ImageDetections.js)
Linked: (/home/ammar/asproject/code/devel/.private/fla_msgs/share/gennodejs/ros/fla_msgs/msg/Detection.js, /home/ammar/asproject/code/devel/share/gennodejs/ros/fla_msgs/msg/Detection.js)
Linked: (/home/ammar/asproject/code/devel/.private/fla_msgs/share/gennodejs/ros/fla_msgs/msg/WaypointList.js, /home/ammar/asproject/code/devel/share/gennodejs/ros/fla_msgs/msg/WaypointList.js)
Linked: (/home/ammar/asproject/code/devel/.private/fla_msgs/lib/pkgconfig/fla_msgs.pc, /home/ammar/asproject/code/devel/lib/pkgconfig/fla_msgs.pc)
Linked: (/home/ammar/asproject/code/devel/.private/fla_msgs/lib/python3/dist-packages/fla_msgs/__init__.py, /home/ammar/asproject/code/devel/lib/python3/dist-packages/fla_msgs/__init__.py)
Linked: (/home/ammar/asproject/code/devel/.private/fla_msgs/lib/python3/dist-packages/fla_msgs/msg/_FlightEvent.py, /home/ammar/asproject/code/devel/lib/python3/dist-packages/fla_msgs/msg/_FlightEvent.py)
Linked: (/home/ammar/asproject/code/devel/.private/fla_msgs/lib/python3/dist-packages/fla_msgs/msg/_Detection.py, /home/ammar/asproject/code/devel/lib/python3/dist-packages/fla_msgs/msg/_Detection.py)
Linked: (/home/ammar/asproject/code/devel/.private/fla_msgs/lib/python3/dist-packages/fla_msgs/msg/_NodeList.py, /home/ammar/asproject/code/devel/lib/python3/dist-packages/fla_msgs/msg/_NodeList.py)
Linked: (/home/ammar/asproject/code/devel/.private/fla_msgs/lib/python3/dist-packages/fla_msgs/msg/_Latency.py, /home/ammar/asproject/code/devel/lib/python3/dist-packages/fla_msgs/msg/_Latency.py)
Linked: (/home/ammar/asproject/code/devel/.private/fla_msgs/lib/python3/dist-packages/fla_msgs/msg/_JoyDef.py, /home/ammar/asproject/code/devel/lib/python3/dist-packages/fla_msgs/msg/_JoyDef.py)
Linked: (/home/ammar/asproject/code/devel/.private/fla_msgs/lib/python3/dist-packages/fla_msgs/msg/__init__.py, /home/ammar/asproject/code/devel/lib/python3/dist-packages/fla_msgs/msg/__init__.py)
Linked: (/home/ammar/asproject/code/devel/.private/fla_msgs/lib/python3/dist-packages/fla_msgs/msg/_TelemString.py, /home/ammar/asproject/code/devel/lib/python3/dist-packages/fla_msgs/msg/_TelemString.py)
Linked: (/home/ammar/asproject/code/devel/.private/fla_msgs/lib/python3/dist-packages/fla_msgs/msg/_ImageDetections.py, /home/ammar/asproject/code/devel/lib/python3/dist-packages/fla_msgs/msg/_ImageDetections.py)
Linked: (/home/ammar/asproject/code/devel/.private/fla_msgs/lib/python3/dist-packages/fla_msgs/msg/_ControlMessage.py, /home/ammar/asproject/code/devel/lib/python3/dist-packages/fla_msgs/msg/_ControlMessage.py)
Linked: (/home/ammar/asproject/code/devel/.private/fla_msgs/lib/python3/dist-packages/fla_msgs/msg/_FlightCommand.py, /home/ammar/asproject/code/devel/lib/python3/dist-packages/fla_msgs/msg/_FlightCommand.py)
Linked: (/home/ammar/asproject/code/devel/.private/fla_msgs/lib/python3/dist-packages/fla_msgs/msg/_Box.py, /home/ammar/asproject/code/devel/lib/python3/dist-packages/fla_msgs/msg/_Box.py)
Linked: (/home/ammar/asproject/code/devel/.private/fla_msgs/lib/python3/dist-packages/fla_msgs/msg/_ProcessStatus.py, /home/ammar/asproject/code/devel/lib/python3/dist-packages/fla_msgs/msg/_ProcessStatus.py)
Linked: (/home/ammar/asproject/code/devel/.private/fla_msgs/lib/python3/dist-packages/fla_msgs/msg/_FlightStateTransition.py, /home/ammar/asproject/code/devel/lib/python3/dist-packages/fla_msgs/msg/_FlightStateTransition.py)
Linked: (/home/ammar/asproject/code/devel/.private/fla_msgs/lib/python3/dist-packages/fla_msgs/msg/_Keypoint.py, /home/ammar/asproject/code/devel/lib/python3/dist-packages/fla_msgs/msg/_Keypoint.py)
Linked: (/home/ammar/asproject/code/devel/.private/fla_msgs/lib/python3/dist-packages/fla_msgs/msg/_WaypointList.py, /home/ammar/asproject/code/devel/lib/python3/dist-packages/fla_msgs/msg/_WaypointList.py)
Linked: (/home/ammar/asproject/code/devel/.private/fla_msgs/lib/python3/dist-packages/fla_msgs/msg/_ImageSegmentation.py, /home/ammar/asproject/code/devel/lib/python3/dist-packages/fla_msgs/msg/_ImageSegmentation.py)
Linked: (/home/ammar/asproject/code/devel/.private/fla_msgs/lib/python3/dist-packages/fla_msgs/msg/_NodeStatus.py, /home/ammar/asproject/code/devel/lib/python3/dist-packages/fla_msgs/msg/_NodeStatus.py)
Linked: (/home/ammar/asproject/code/devel/.private/fla_msgs/include/fla_msgs/NodeList.h, /home/ammar/asproject/code/devel/include/fla_msgs/NodeList.h)
Linked: (/home/ammar/asproject/code/devel/.private/fla_msgs/include/fla_msgs/ImageSegmentation.h, /home/ammar/asproject/code/devel/include/fla_msgs/ImageSegmentation.h)
Linked: (/home/ammar/asproject/code/devel/.private/fla_msgs/include/fla_msgs/Keypoint.h, /home/ammar/asproject/code/devel/include/fla_msgs/Keypoint.h)
Linked: (/home/ammar/asproject/code/devel/.private/fla_msgs/include/fla_msgs/NodeStatus.h, /home/ammar/asproject/code/devel/include/fla_msgs/NodeStatus.h)
Linked: (/home/ammar/asproject/code/devel/.private/fla_msgs/include/fla_msgs/TelemString.h, /home/ammar/asproject/code/devel/include/fla_msgs/TelemString.h)
Linked: (/home/ammar/asproject/code/devel/.private/fla_msgs/include/fla_msgs/FlightStateTransition.h, /home/ammar/asproject/code/devel/include/fla_msgs/FlightStateTransition.h)
Linked: (/home/ammar/asproject/code/devel/.private/fla_msgs/include/fla_msgs/Box.h, /home/ammar/asproject/code/devel/include/fla_msgs/Box.h)
Linked: (/home/ammar/asproject/code/devel/.private/fla_msgs/include/fla_msgs/Latency.h, /home/ammar/asproject/code/devel/include/fla_msgs/Latency.h)
Linked: (/home/ammar/asproject/code/devel/.private/fla_msgs/include/fla_msgs/FlightEvent.h, /home/ammar/asproject/code/devel/include/fla_msgs/FlightEvent.h)
Linked: (/home/ammar/asproject/code/devel/.private/fla_msgs/include/fla_msgs/ImageDetections.h, /home/ammar/asproject/code/devel/include/fla_msgs/ImageDetections.h)
Linked: (/home/ammar/asproject/code/devel/.private/fla_msgs/include/fla_msgs/ControlMessage.h, /home/ammar/asproject/code/devel/include/fla_msgs/ControlMessage.h)
Linked: (/home/ammar/asproject/code/devel/.private/fla_msgs/include/fla_msgs/WaypointList.h, /home/ammar/asproject/code/devel/include/fla_msgs/WaypointList.h)
Linked: (/home/ammar/asproject/code/devel/.private/fla_msgs/include/fla_msgs/JoyDef.h, /home/ammar/asproject/code/devel/include/fla_msgs/JoyDef.h)
Linked: (/home/ammar/asproject/code/devel/.private/fla_msgs/include/fla_msgs/FlightCommand.h, /home/ammar/asproject/code/devel/include/fla_msgs/FlightCommand.h)
Linked: (/home/ammar/asproject/code/devel/.private/fla_msgs/include/fla_msgs/Detection.h, /home/ammar/asproject/code/devel/include/fla_msgs/Detection.h)
Linked: (/home/ammar/asproject/code/devel/.private/fla_msgs/include/fla_msgs/ProcessStatus.h, /home/ammar/asproject/code/devel/include/fla_msgs/ProcessStatus.h)
